[debug] [2018-03-11T08:09:05.279Z] ----------------------------------------------------------------------
[debug] [2018-03-11T08:09:05.281Z] Command:       /usr/local/Cellar/node/9.5.0/bin/node /usr/local/bin/firebase deploy
[debug] [2018-03-11T08:09:05.281Z] CLI Version:   3.17.4
[debug] [2018-03-11T08:09:05.281Z] Platform:      darwin
[debug] [2018-03-11T08:09:05.281Z] Node Version:  v9.5.0
[debug] [2018-03-11T08:09:05.281Z] Time:          Sun Mar 11 2018 19:09:05 GMT+1100 (AEDT)
[debug] [2018-03-11T08:09:05.281Z] ----------------------------------------------------------------------
[debug] 
[debug] [2018-03-11T08:09:05.295Z] > command requires scopes: ["email","openid","https://www.googleapis.com/auth/cloudplatformprojects.readonly","https://www.googleapis.com/auth/firebase","https://www.googleapis.com/auth/cloud-platform"]
[debug] [2018-03-11T08:09:05.295Z] > authorizing via signed-in user
[debug] [2018-03-11T08:09:05.297Z] > refreshing access token with scopes: ["email","https://www.googleapis.com/auth/cloud-platform","https://www.googleapis.com/auth/cloudplatformprojects.readonly","https://www.googleapis.com/auth/firebase","openid"]
[debug] [2018-03-11T08:09:05.297Z] >>> HTTP REQUEST POST https://www.googleapis.com/oauth2/v3/token  
 { refresh_token: '1/KNszKSHBVkuEiL8yazseryCcoh5p29e8CQXWT_6Zupw',
  client_id: '563584335869-fgrhgmd47bqnekij5i8b5pr03ho849e6.apps.googleusercontent.com',
  client_secret: 'j9iVZfS8kkCEFUPaAeJV0sAi',
  grant_type: 'refresh_token',
  scope: 'email https://www.googleapis.com/auth/cloud-platform https://www.googleapis.com/auth/cloudplatformprojects.readonly https://www.googleapis.com/auth/firebase openid' } 
 Sun Mar 11 2018 19:09:05 GMT+1100 (AEDT)
[debug] [2018-03-11T08:09:05.716Z] <<< HTTP RESPONSE 200
[debug] [2018-03-11T08:09:05.725Z] >>> HTTP REQUEST GET https://admin.firebase.com/v1/projects/monplan-project  
  
 Sun Mar 11 2018 19:09:05 GMT+1100 (AEDT)
